Started GET "/" for 127.0.0.1 at 2016-10-26 11:25:59 +0700
Processing by Rails::WelcomeController#index as HTML
  Parameters: {"internal"=>true}
  Rendering /home/vietanh/.rbenv/versions/2.3.1/lib/ruby/gems/2.3.0/gems/railties-5.0.0.1/lib/rails/templates/rails/welcome/index.html.erb
  Rendered /home/vietanh/.rbenv/versions/2.3.1/lib/ruby/gems/2.3.0/gems/railties-5.0.0.1/lib/rails/templates/rails/welcome/index.html.erb (9.1ms)
Completed 200 OK in 63ms (Views: 17.9ms | ActiveRecord: 0.0ms)


Started GET "/" for 127.0.0.1 at 2016-10-26 11:26:40 +0700
Processing by StaticPagesController#home as HTML
  Rendering static_pages/home.html.erb within layouts/application
  Rendered static_pages/home.html.erb within layouts/application (0.5ms)
Completed 200 OK in 1252ms (Views: 1221.3ms | ActiveRecord: 0.0ms)


Started GET "/" for 127.0.0.1 at 2016-10-26 11:27:20 +0700
Processing by Rails::WelcomeController#index as HTML
  Parameters: {"internal"=>true}
  Rendering /home/vietanh/.rbenv/versions/2.3.1/lib/ruby/gems/2.3.0/gems/railties-5.0.0.1/lib/rails/templates/rails/welcome/index.html.erb
  Rendered /home/vietanh/.rbenv/versions/2.3.1/lib/ruby/gems/2.3.0/gems/railties-5.0.0.1/lib/rails/templates/rails/welcome/index.html.erb (4.5ms)
Completed 200 OK in 9ms (Views: 6.1ms | ActiveRecord: 0.0ms)


Started GET "/" for 127.0.0.1 at 2016-10-26 11:28:00 +0700
Processing by StaticPagesController#help as HTML
  Rendering static_pages/help.html.erb within layouts/application
  Rendered static_pages/help.html.erb within layouts/application (1.3ms)
Completed 200 OK in 52ms (Views: 49.2ms | ActiveRecord: 0.0ms)


Started GET "/static_pages/help" for 127.0.0.1 at 2016-10-26 11:28:56 +0700
Processing by StaticPagesController#help as HTML
  Rendering static_pages/help.html.erb within layouts/application
  Rendered static_pages/help.html.erb within layouts/application (0.8ms)
Completed 200 OK in 46ms (Views: 44.4ms | ActiveRecord: 0.0ms)


Started GET "/" for 127.0.0.1 at 2016-10-26 11:56:29 +0700
Processing by StaticPagesController#home as HTML
  Rendering static_pages/home.html.erb within layouts/application
  Rendered static_pages/home.html.erb within layouts/application (1.1ms)
Completed 200 OK in 56ms (Views: 54.6ms | ActiveRecord: 0.0ms)


Started GET "/" for 127.0.0.1 at 2016-10-26 11:56:51 +0700
Processing by StaticPagesController#help as HTML
  Rendering static_pages/help.html.erb within layouts/application
  Rendered static_pages/help.html.erb within layouts/application (0.4ms)
Completed 200 OK in 24ms (Views: 22.8ms | ActiveRecord: 0.0ms)


Started GET "/" for 127.0.0.1 at 2016-10-26 12:07:06 +0700
Processing by StaticPagesController#home as HTML
  Rendering static_pages/home.html.erb within layouts/application
  Rendered static_pages/home.html.erb within layouts/application (0.4ms)
Completed 200 OK in 19ms (Views: 17.8ms | ActiveRecord: 0.0ms)


Started GET "/" for 127.0.0.1 at 2016-10-26 13:43:42 +0700
Processing by StaticPagesController#home as HTML
  Rendering static_pages/home.html.erb within layouts/application
  Rendered static_pages/home.html.erb within layouts/application (2.0ms)
  Rendered layouts/_shim.html.erb (0.3ms)
Completed 500 Internal Server Error in 601ms (ActiveRecord: 0.0ms)


  
ActionView::Template::Error (Missing partial layouts/_header with {:locale=>[:en], :formats=>[:html], :variants=>[], :handlers=>[:raw, :erb, :html, :builder, :ruby, :coffee, :jbuilder]}. Searched in:
  * "/home/vietanh/VietAnh/Ki7/ruby/sample_app/app/views"
):
    10:   </head>
    11: 
    12:   <body>
    13:   	<%= render 'layouts/header'%>
    14:   	<div class="container">
    15:   		<%= yield %>
    16:   	</div>
  
app/views/layouts/application.html.erb:13:in `_app_views_layouts_application_html_erb__346851837324963144_47132280903540'
  Rendering /home/vietanh/.rbenv/versions/2.3.1/lib/ruby/gems/2.3.0/gems/actionpack-5.0.0.1/lib/action_dispatch/middleware/templates/rescues/template_error.html.erb within rescues/layout
  Rendering /home/vietanh/.rbenv/versions/2.3.1/lib/ruby/gems/2.3.0/gems/actionpack-5.0.0.1/lib/action_dispatch/middleware/templates/rescues/_source.html.erb
  Rendered /home/vietanh/.rbenv/versions/2.3.1/lib/ruby/gems/2.3.0/gems/actionpack-5.0.0.1/lib/action_dispatch/middleware/templates/rescues/_source.html.erb (5.4ms)
  Rendering /home/vietanh/.rbenv/versions/2.3.1/lib/ruby/gems/2.3.0/gems/actionpack-5.0.0.1/lib/action_dispatch/middleware/templates/rescues/_trace.html.erb
  Rendered /home/vietanh/.rbenv/versions/2.3.1/lib/ruby/gems/2.3.0/gems/actionpack-5.0.0.1/lib/action_dispatch/middleware/templates/rescues/_trace.html.erb (2.0ms)
  Rendering /home/vietanh/.rbenv/versions/2.3.1/lib/ruby/gems/2.3.0/gems/actionpack-5.0.0.1/lib/action_dispatch/middleware/templates/rescues/_request_and_response.html.erb
  Rendered /home/vietanh/.rbenv/versions/2.3.1/lib/ruby/gems/2.3.0/gems/actionpack-5.0.0.1/lib/action_dispatch/middleware/templates/rescues/_request_and_response.html.erb (1.1ms)
  Rendered /home/vietanh/.rbenv/versions/2.3.1/lib/ruby/gems/2.3.0/gems/actionpack-5.0.0.1/lib/action_dispatch/middleware/templates/rescues/template_error.html.erb within rescues/layout (27.9ms)
Started GET "/" for 127.0.0.1 at 2016-10-26 13:47:02 +0700
Processing by StaticPagesController#home as HTML
  Rendering static_pages/home.html.erb within layouts/application
  Rendered static_pages/home.html.erb within layouts/application (1.1ms)
  Rendered layouts/_shim.html.erb (0.4ms)
  Rendered layouts/_header.html.erb (0.8ms)
Completed 200 OK in 43ms (Views: 41.0ms | ActiveRecord: 0.0ms)


Started GET "/" for 127.0.0.1 at 2016-10-26 14:04:23 +0700
Processing by StaticPagesController#home as HTML
  Rendering static_pages/home.html.erb within layouts/application
  Rendered static_pages/home.html.erb within layouts/application (1.0ms)
  Rendered layouts/_shim.html.erb (0.3ms)
  Rendered layouts/_header.html.erb (0.5ms)
Completed 200 OK in 28ms (Views: 25.9ms | ActiveRecord: 0.0ms)


Started GET "/" for 127.0.0.1 at 2016-10-26 14:04:47 +0700
Processing by StaticPagesController#home as HTML
  Rendering static_pages/home.html.erb within layouts/application
  Rendered static_pages/home.html.erb within layouts/application (0.5ms)
  Rendered layouts/_shim.html.erb (0.3ms)
  Rendered layouts/_header.html.erb (0.4ms)
Completed 200 OK in 23ms (Views: 21.6ms | ActiveRecord: 0.0ms)


Started GET "/" for 127.0.0.1 at 2016-10-26 14:05:01 +0700
Processing by StaticPagesController#home as HTML
  Rendering static_pages/home.html.erb within layouts/application
  Rendered static_pages/home.html.erb within layouts/application (0.5ms)
  Rendered layouts/_shim.html.erb (0.3ms)
  Rendered layouts/_header.html.erb (0.4ms)
Completed 200 OK in 29ms (Views: 27.9ms | ActiveRecord: 0.0ms)


Started GET "/" for 127.0.0.1 at 2016-10-26 14:05:02 +0700
Processing by StaticPagesController#home as HTML
  Rendering static_pages/home.html.erb within layouts/application
  Rendered static_pages/home.html.erb within layouts/application (1.0ms)
  Rendered layouts/_shim.html.erb (0.3ms)
  Rendered layouts/_header.html.erb (0.6ms)
Completed 200 OK in 47ms (Views: 44.4ms | ActiveRecord: 0.0ms)


Started GET "/" for 127.0.0.1 at 2016-11-01 08:46:16 +0700
Processing by StaticPagesController#home as HTML
  Rendering static_pages/home.html.erb within layouts/application
  Rendered static_pages/home.html.erb within layouts/application (1.5ms)
  Rendered layouts/_shim.html.erb (0.3ms)
  Rendered layouts/_header.html.erb (0.6ms)
Completed 200 OK in 475ms (Views: 420.6ms | ActiveRecord: 0.0ms)


Started GET "/" for 127.0.0.1 at 2016-11-01 08:56:23 +0700
Processing by StaticPagesController#home as HTML
  Rendering static_pages/home.html.erb within layouts/application
  Rendered static_pages/home.html.erb within layouts/application (0.9ms)
  Rendered layouts/_shim.html.erb (0.3ms)
  Rendered layouts/_header.html.erb (0.4ms)
Completed 500 Internal Server Error in 2788ms (ActiveRecord: 0.0ms)


  
ActionView::Template::Error (Missing partial layouts/_footer with {:locale=>[:en], :formats=>[:html], :variants=>[], :handlers=>[:raw, :erb, :html, :builder, :ruby, :coffee, :jbuilder]}. Searched in:
  * "/home/vietanh/VietAnh/Ki7/ruby/sample_app/app/views"
):
    13:   	<%= render 'layouts/header'%>
    14:   	<div class="container">
    15:   		<%= yield %>
    16:       <%= render 'layouts/footer'%>
    17:   	</div>
    18:   </body>
    19: </html>
  
app/views/layouts/application.html.erb:16:in `_app_views_layouts_application_html_erb__2448197492930296847_47425467392040'
  Rendering /home/vietanh/.rbenv/versions/2.3.1/lib/ruby/gems/2.3.0/gems/actionpack-5.0.0.1/lib/action_dispatch/middleware/templates/rescues/template_error.html.erb within rescues/layout
  Rendering /home/vietanh/.rbenv/versions/2.3.1/lib/ruby/gems/2.3.0/gems/actionpack-5.0.0.1/lib/action_dispatch/middleware/templates/rescues/_source.html.erb
  Rendered /home/vietanh/.rbenv/versions/2.3.1/lib/ruby/gems/2.3.0/gems/actionpack-5.0.0.1/lib/action_dispatch/middleware/templates/rescues/_source.html.erb (5.9ms)
  Rendering /home/vietanh/.rbenv/versions/2.3.1/lib/ruby/gems/2.3.0/gems/actionpack-5.0.0.1/lib/action_dispatch/middleware/templates/rescues/_trace.html.erb
  Rendered /home/vietanh/.rbenv/versions/2.3.1/lib/ruby/gems/2.3.0/gems/actionpack-5.0.0.1/lib/action_dispatch/middleware/templates/rescues/_trace.html.erb (2.6ms)
  Rendering /home/vietanh/.rbenv/versions/2.3.1/lib/ruby/gems/2.3.0/gems/actionpack-5.0.0.1/lib/action_dispatch/middleware/templates/rescues/_request_and_response.html.erb
  Rendered /home/vietanh/.rbenv/versions/2.3.1/lib/ruby/gems/2.3.0/gems/actionpack-5.0.0.1/lib/action_dispatch/middleware/templates/rescues/_request_and_response.html.erb (1.1ms)
  Rendered /home/vietanh/.rbenv/versions/2.3.1/lib/ruby/gems/2.3.0/gems/actionpack-5.0.0.1/lib/action_dispatch/middleware/templates/rescues/template_error.html.erb within rescues/layout (29.6ms)
Started GET "/" for 127.0.0.1 at 2016-11-01 09:03:28 +0700
Processing by StaticPagesController#home as HTML
  Rendering static_pages/home.html.erb within layouts/application
  Rendered static_pages/home.html.erb within layouts/application (0.4ms)
  Rendered layouts/_shim.html.erb (0.2ms)
  Rendered layouts/_header.html.erb (0.4ms)
  Rendered layouts/_footer.html.erb (0.2ms)
Completed 200 OK in 43ms (Views: 40.5ms | ActiveRecord: 0.0ms)


Started GET "/" for 127.0.0.1 at 2016-11-01 09:03:38 +0700
Processing by StaticPagesController#home as HTML
  Rendering static_pages/home.html.erb within layouts/application
  Rendered static_pages/home.html.erb within layouts/application (0.7ms)
  Rendered layouts/_shim.html.erb (0.3ms)
  Rendered layouts/_header.html.erb (0.4ms)
  Rendered layouts/_footer.html.erb (0.2ms)
Completed 200 OK in 41ms (Views: 39.8ms | ActiveRecord: 0.0ms)


Started GET "/" for 127.0.0.1 at 2016-11-01 09:09:56 +0700
Processing by StaticPagesController#home as HTML
  Rendering static_pages/home.html.erb within layouts/application
  Rendered static_pages/home.html.erb within layouts/application (0.8ms)
  Rendered layouts/_shim.html.erb (0.3ms)
  Rendered layouts/_header.html.erb (0.4ms)
  Rendered layouts/_footer.html.erb (0.2ms)
Completed 200 OK in 42ms (Views: 40.6ms | ActiveRecord: 0.0ms)


Started GET "/" for 127.0.0.1 at 2016-11-01 09:09:58 +0700
Processing by StaticPagesController#home as HTML
  Rendering static_pages/home.html.erb within layouts/application
  Rendered static_pages/home.html.erb within layouts/application (0.7ms)
  Rendered layouts/_shim.html.erb (0.2ms)
  Rendered layouts/_header.html.erb (0.4ms)
  Rendered layouts/_footer.html.erb (0.2ms)
Completed 200 OK in 48ms (Views: 45.9ms | ActiveRecord: 0.0ms)


Started GET "/" for 127.0.0.1 at 2016-11-01 09:27:20 +0700
Processing by StaticPagesController#home as HTML
  Rendering static_pages/home.html.erb within layouts/application
  Rendered static_pages/home.html.erb within layouts/application (2.3ms)
Completed 500 Internal Server Error in 9ms (ActiveRecord: 0.0ms)


  
SyntaxError (/home/vietanh/VietAnh/Ki7/ruby/sample_app/app/views/static_pages/home.html.erb:17: syntax error, unexpected '='
...o "Sign up now !", "#", class = "btn btn-lg btn-primary" );@...
...                               ^):
  
app/views/static_pages/home.html.erb:17: syntax error, unexpected '='
  Rendering /home/vietanh/.rbenv/versions/2.3.1/lib/ruby/gems/2.3.0/gems/actionpack-5.0.0.1/lib/action_dispatch/middleware/templates/rescues/diagnostics.html.erb within rescues/layout
  Rendering /home/vietanh/.rbenv/versions/2.3.1/lib/ruby/gems/2.3.0/gems/actionpack-5.0.0.1/lib/action_dispatch/middleware/templates/rescues/_source.html.erb
  Rendered /home/vietanh/.rbenv/versions/2.3.1/lib/ruby/gems/2.3.0/gems/actionpack-5.0.0.1/lib/action_dispatch/middleware/templates/rescues/_source.html.erb (5.9ms)
  Rendering /home/vietanh/.rbenv/versions/2.3.1/lib/ruby/gems/2.3.0/gems/actionpack-5.0.0.1/lib/action_dispatch/middleware/templates/rescues/_trace.html.erb
  Rendered /home/vietanh/.rbenv/versions/2.3.1/lib/ruby/gems/2.3.0/gems/actionpack-5.0.0.1/lib/action_dispatch/middleware/templates/rescues/_trace.html.erb (2.2ms)
  Rendering /home/vietanh/.rbenv/versions/2.3.1/lib/ruby/gems/2.3.0/gems/actionpack-5.0.0.1/lib/action_dispatch/middleware/templates/rescues/_request_and_response.html.erb
  Rendered /home/vietanh/.rbenv/versions/2.3.1/lib/ruby/gems/2.3.0/gems/actionpack-5.0.0.1/lib/action_dispatch/middleware/templates/rescues/_request_and_response.html.erb (0.7ms)
  Rendered /home/vietanh/.rbenv/versions/2.3.1/lib/ruby/gems/2.3.0/gems/actionpack-5.0.0.1/lib/action_dispatch/middleware/templates/rescues/diagnostics.html.erb within rescues/layout (26.1ms)
Started GET "/" for 127.0.0.1 at 2016-11-01 09:27:48 +0700
Processing by StaticPagesController#home as HTML
  Rendering static_pages/home.html.erb within layouts/application
  Rendered static_pages/home.html.erb within layouts/application (110.4ms)
  Rendered layouts/_shim.html.erb (0.3ms)
  Rendered layouts/_header.html.erb (0.5ms)
  Rendered layouts/_footer.html.erb (0.3ms)
Completed 200 OK in 198ms (Views: 196.3ms | ActiveRecord: 0.0ms)


Started GET "/" for 127.0.0.1 at 2016-11-01 09:31:25 +0700
Processing by StaticPagesController#home as HTML
  Rendering static_pages/home.html.erb within layouts/application
  Rendered static_pages/home.html.erb within layouts/application (1.7ms)
  Rendered layouts/_shim.html.erb (0.4ms)
  Rendered layouts/_header.html.erb (0.4ms)
  Rendered layouts/_footer.html.erb (0.2ms)
Completed 200 OK in 36ms (Views: 35.1ms | ActiveRecord: 0.0ms)


Started GET "/" for 127.0.0.1 at 2016-11-01 09:31:26 +0700
Processing by StaticPagesController#home as HTML
  Rendering static_pages/home.html.erb within layouts/application
  Rendered static_pages/home.html.erb within layouts/application (2.3ms)
  Rendered layouts/_shim.html.erb (0.3ms)
  Rendered layouts/_header.html.erb (0.4ms)
  Rendered layouts/_footer.html.erb (0.2ms)
Completed 200 OK in 38ms (Views: 37.1ms | ActiveRecord: 0.0ms)


Started GET "/" for 127.0.0.1 at 2016-11-01 09:35:19 +0700
Processing by StaticPagesController#home as HTML
  Rendering static_pages/home.html.erb within layouts/application
  Rendered static_pages/home.html.erb within layouts/application (6.0ms)
  Rendered layouts/_shim.html.erb (0.3ms)
  Rendered layouts/_header.html.erb (0.4ms)
  Rendered layouts/_footer.html.erb (0.2ms)
Completed 200 OK in 116ms (Views: 114.7ms | ActiveRecord: 0.0ms)


Started GET "/images/kitten.png" for 127.0.0.1 at 2016-11-01 09:35:20 +0700
  
ActionController::RoutingError (No route matches [GET] "/images/kitten.png"):
  
actionpack (5.0.0.1) lib/action_dispatch/middleware/debug_exceptions.rb:53:in `call'
web-console (3.3.1) lib/web_console/middleware.rb:131:in `call_app'
web-console (3.3.1) lib/web_console/middleware.rb:28:in `block in call'
web-console (3.3.1) lib/web_console/middleware.rb:18:in `catch'
web-console (3.3.1) lib/web_console/middleware.rb:18:in `call'
actionpack (5.0.0.1) lib/action_dispatch/middleware/show_exceptions.rb:31:in `call'
railties (5.0.0.1) lib/rails/rack/logger.rb:36:in `call_app'
railties (5.0.0.1) lib/rails/rack/logger.rb:24:in `block in call'
activesupport (5.0.0.1) lib/active_support/tagged_logging.rb:70:in `block in tagged'
activesupport (5.0.0.1) lib/active_support/tagged_logging.rb:26:in `tagged'
activesupport (5.0.0.1) lib/active_support/tagged_logging.rb:70:in `tagged'
railties (5.0.0.1) lib/rails/rack/logger.rb:24:in `call'
sprockets-rails (3.2.0) lib/sprockets/rails/quiet_assets.rb:13:in `call'
actionpack (5.0.0.1) lib/action_dispatch/middleware/request_id.rb:24:in `call'
rack (2.0.1) lib/rack/method_override.rb:22:in `call'
rack (2.0.1) lib/rack/runtime.rb:22:in `call'
activesupport (5.0.0.1) lib/active_support/cache/strategy/local_cache_middleware.rb:28:in `call'
actionpack (5.0.0.1) lib/action_dispatch/middleware/executor.rb:12:in `call'
actionpack (5.0.0.1) lib/action_dispatch/middleware/static.rb:136:in `call'
rack (2.0.1) lib/rack/sendfile.rb:111:in `call'
railties (5.0.0.1) lib/rails/engine.rb:522:in `call'
puma (3.6.0) lib/puma/configuration.rb:225:in `call'
puma (3.6.0) lib/puma/server.rb:578:in `handle_request'
puma (3.6.0) lib/puma/server.rb:415:in `process_client'
puma (3.6.0) lib/puma/server.rb:275:in `block in run'
puma (3.6.0) lib/puma/thread_pool.rb:116:in `block in spawn_thread'
  Rendering /home/vietanh/.rbenv/versions/2.3.1/lib/ruby/gems/2.3.0/gems/actionpack-5.0.0.1/lib/action_dispatch/middleware/templates/rescues/routing_error.html.erb within rescues/layout
  Rendering /home/vietanh/.rbenv/versions/2.3.1/lib/ruby/gems/2.3.0/gems/actionpack-5.0.0.1/lib/action_dispatch/middleware/templates/rescues/_trace.html.erb
  Rendered /home/vietanh/.rbenv/versions/2.3.1/lib/ruby/gems/2.3.0/gems/actionpack-5.0.0.1/lib/action_dispatch/middleware/templates/rescues/_trace.html.erb (1.2ms)
  Rendered collection of /home/vietanh/.rbenv/versions/2.3.1/lib/ruby/gems/2.3.0/gems/actionpack-5.0.0.1/lib/action_dispatch/middleware/templates/routes/_route.html.erb [3 times] (22.9ms)
  Rendered /home/vietanh/.rbenv/versions/2.3.1/lib/ruby/gems/2.3.0/gems/actionpack-5.0.0.1/lib/action_dispatch/middleware/templates/routes/_table.html.erb (19.3ms)
  Rendering /home/vietanh/.rbenv/versions/2.3.1/lib/ruby/gems/2.3.0/gems/actionpack-5.0.0.1/lib/action_dispatch/middleware/templates/rescues/_request_and_response.html.erb
  Rendered /home/vietanh/.rbenv/versions/2.3.1/lib/ruby/gems/2.3.0/gems/actionpack-5.0.0.1/lib/action_dispatch/middleware/templates/rescues/_request_and_response.html.erb (0.9ms)
  Rendered /home/vietanh/.rbenv/versions/2.3.1/lib/ruby/gems/2.3.0/gems/actionpack-5.0.0.1/lib/action_dispatch/middleware/templates/rescues/routing_error.html.erb within rescues/layout (88.3ms)
Started GET "/" for 127.0.0.1 at 2016-11-01 09:35:24 +0700
Processing by StaticPagesController#home as HTML
  Rendering static_pages/home.html.erb within layouts/application
  Rendered static_pages/home.html.erb within layouts/application (4.1ms)
  Rendered layouts/_shim.html.erb (0.3ms)
  Rendered layouts/_header.html.erb (0.4ms)
  Rendered layouts/_footer.html.erb (0.3ms)
Completed 200 OK in 37ms (Views: 36.1ms | ActiveRecord: 0.0ms)


Started GET "/images/kitten.png" for 127.0.0.1 at 2016-11-01 09:35:24 +0700
  
ActionController::RoutingError (No route matches [GET] "/images/kitten.png"):
  
actionpack (5.0.0.1) lib/action_dispatch/middleware/debug_exceptions.rb:53:in `call'
web-console (3.3.1) lib/web_console/middleware.rb:131:in `call_app'
web-console (3.3.1) lib/web_console/middleware.rb:28:in `block in call'
web-console (3.3.1) lib/web_console/middleware.rb:18:in `catch'
web-console (3.3.1) lib/web_console/middleware.rb:18:in `call'
actionpack (5.0.0.1) lib/action_dispatch/middleware/show_exceptions.rb:31:in `call'
railties (5.0.0.1) lib/rails/rack/logger.rb:36:in `call_app'
railties (5.0.0.1) lib/rails/rack/logger.rb:24:in `block in call'
activesupport (5.0.0.1) lib/active_support/tagged_logging.rb:70:in `block in tagged'
activesupport (5.0.0.1) lib/active_support/tagged_logging.rb:26:in `tagged'
activesupport (5.0.0.1) lib/active_support/tagged_logging.rb:70:in `tagged'
railties (5.0.0.1) lib/rails/rack/logger.rb:24:in `call'
sprockets-rails (3.2.0) lib/sprockets/rails/quiet_assets.rb:13:in `call'
actionpack (5.0.0.1) lib/action_dispatch/middleware/request_id.rb:24:in `call'
rack (2.0.1) lib/rack/method_override.rb:22:in `call'
rack (2.0.1) lib/rack/runtime.rb:22:in `call'
activesupport (5.0.0.1) lib/active_support/cache/strategy/local_cache_middleware.rb:28:in `call'
actionpack (5.0.0.1) lib/action_dispatch/middleware/executor.rb:12:in `call'
actionpack (5.0.0.1) lib/action_dispatch/middleware/static.rb:136:in `call'
rack (2.0.1) lib/rack/sendfile.rb:111:in `call'
railties (5.0.0.1) lib/rails/engine.rb:522:in `call'
puma (3.6.0) lib/puma/configuration.rb:225:in `call'
puma (3.6.0) lib/puma/server.rb:578:in `handle_request'
puma (3.6.0) lib/puma/server.rb:415:in `process_client'
puma (3.6.0) lib/puma/server.rb:275:in `block in run'
puma (3.6.0) lib/puma/thread_pool.rb:116:in `block in spawn_thread'
  Rendering /home/vietanh/.rbenv/versions/2.3.1/lib/ruby/gems/2.3.0/gems/actionpack-5.0.0.1/lib/action_dispatch/middleware/templates/rescues/routing_error.html.erb within rescues/layout
  Rendering /home/vietanh/.rbenv/versions/2.3.1/lib/ruby/gems/2.3.0/gems/actionpack-5.0.0.1/lib/action_dispatch/middleware/templates/rescues/_trace.html.erb
  Rendered /home/vietanh/.rbenv/versions/2.3.1/lib/ruby/gems/2.3.0/gems/actionpack-5.0.0.1/lib/action_dispatch/middleware/templates/rescues/_trace.html.erb (1.2ms)
  Rendered collection of /home/vietanh/.rbenv/versions/2.3.1/lib/ruby/gems/2.3.0/gems/actionpack-5.0.0.1/lib/action_dispatch/middleware/templates/routes/_route.html.erb [3 times] (2.1ms)
  Rendered /home/vietanh/.rbenv/versions/2.3.1/lib/ruby/gems/2.3.0/gems/actionpack-5.0.0.1/lib/action_dispatch/middleware/templates/routes/_table.html.erb (1.2ms)
  Rendering /home/vietanh/.rbenv/versions/2.3.1/lib/ruby/gems/2.3.0/gems/actionpack-5.0.0.1/lib/action_dispatch/middleware/templates/rescues/_request_and_response.html.erb
  Rendered /home/vietanh/.rbenv/versions/2.3.1/lib/ruby/gems/2.3.0/gems/actionpack-5.0.0.1/lib/action_dispatch/middleware/templates/rescues/_request_and_response.html.erb (0.9ms)
  Rendered /home/vietanh/.rbenv/versions/2.3.1/lib/ruby/gems/2.3.0/gems/actionpack-5.0.0.1/lib/action_dispatch/middleware/templates/rescues/routing_error.html.erb within rescues/layout (27.7ms)
Started GET "/" for 127.0.0.1 at 2016-11-01 09:36:00 +0700
Processing by StaticPagesController#home as HTML
  Rendering static_pages/home.html.erb within layouts/application
  Rendered static_pages/home.html.erb within layouts/application (74.0ms)
  Rendered layouts/_shim.html.erb (0.2ms)
  Rendered layouts/_header.html.erb (0.4ms)
  Rendered layouts/_footer.html.erb (0.2ms)
Completed 200 OK in 105ms (Views: 102.6ms | ActiveRecord: 0.0ms)


Started GET "/" for 127.0.0.1 at 2016-11-01 09:36:30 +0700
Processing by StaticPagesController#home as HTML
  Rendering static_pages/home.html.erb within layouts/application
  Rendered static_pages/home.html.erb within layouts/application (7.6ms)
  Rendered layouts/_shim.html.erb (0.4ms)
  Rendered layouts/_header.html.erb (0.6ms)
  Rendered layouts/_footer.html.erb (0.3ms)
Completed 200 OK in 57ms (Views: 54.5ms | ActiveRecord: 0.0ms)


Started GET "/" for 127.0.0.1 at 2016-11-01 09:48:53 +0700
Processing by StaticPagesController#home as HTML
  Rendering static_pages/home.html.erb within layouts/application
  Rendered static_pages/home.html.erb within layouts/application (2.1ms)
  Rendered layouts/_shim.html.erb (0.3ms)
  Rendered layouts/_header.html.erb (0.4ms)
  Rendered layouts/_footer.html.erb (0.2ms)
Completed 200 OK in 93ms (Views: 91.2ms | ActiveRecord: 0.0ms)


Started GET "/" for 127.0.0.1 at 2016-11-01 09:52:04 +0700
Processing by StaticPagesController#home as HTML
  Rendering static_pages/home.html.erb within layouts/application
  Rendered static_pages/home.html.erb within layouts/application (6.2ms)
  Rendered layouts/_shim.html.erb (0.3ms)
  Rendered layouts/_header.html.erb (0.4ms)
  Rendered layouts/_footer.html.erb (0.2ms)
Completed 200 OK in 1426ms (Views: 1423.8ms | ActiveRecord: 0.0ms)


Started GET "/" for 127.0.0.1 at 2016-11-01 09:54:39 +0700
Processing by StaticPagesController#home as HTML
  Rendering static_pages/home.html.erb within layouts/application
  Rendered static_pages/home.html.erb within layouts/application (5.4ms)
  Rendered layouts/_shim.html.erb (0.3ms)
  Rendered layouts/_header.html.erb (0.4ms)
  Rendered layouts/_footer.html.erb (0.2ms)
Completed 200 OK in 1406ms (Views: 1404.2ms | ActiveRecord: 0.0ms)


Started GET "/" for 127.0.0.1 at 2016-11-01 09:55:25 +0700
Processing by StaticPagesController#home as HTML
  Rendering static_pages/home.html.erb within layouts/application
  Rendered static_pages/home.html.erb within layouts/application (3.4ms)
  Rendered layouts/_shim.html.erb (0.2ms)
  Rendered layouts/_header.html.erb (0.4ms)
  Rendered layouts/_footer.html.erb (0.2ms)
Completed 200 OK in 76ms (Views: 73.8ms | ActiveRecord: 0.0ms)


Started GET "/" for 127.0.0.1 at 2016-11-01 09:55:33 +0700
Processing by StaticPagesController#home as HTML
  Rendering static_pages/home.html.erb within layouts/application
  Rendered static_pages/home.html.erb within layouts/application (2.3ms)
  Rendered layouts/_shim.html.erb (0.3ms)
  Rendered layouts/_header.html.erb (0.4ms)
  Rendered layouts/_footer.html.erb (0.2ms)
Completed 200 OK in 38ms (Views: 36.1ms | ActiveRecord: 0.0ms)


Started GET "/" for 127.0.0.1 at 2016-11-01 09:57:25 +0700
Processing by StaticPagesController#home as HTML
  Rendering static_pages/home.html.erb within layouts/application
  Rendered static_pages/home.html.erb within layouts/application (2.8ms)
  Rendered layouts/_shim.html.erb (0.4ms)
  Rendered layouts/_header.html.erb (0.5ms)
  Rendered layouts/_footer.html.erb (0.2ms)
Completed 200 OK in 1485ms (Views: 1482.9ms | ActiveRecord: 0.0ms)


Started GET "/" for 127.0.0.1 at 2016-11-01 09:57:29 +0700
Processing by StaticPagesController#home as HTML
  Rendering static_pages/home.html.erb within layouts/application
  Rendered static_pages/home.html.erb within layouts/application (2.1ms)
  Rendered layouts/_shim.html.erb (0.3ms)
  Rendered layouts/_header.html.erb (0.4ms)
  Rendered layouts/_footer.html.erb (0.2ms)
Completed 200 OK in 36ms (Views: 34.0ms | ActiveRecord: 0.0ms)


Started GET "/" for 127.0.0.1 at 2016-11-01 10:22:28 +0700
Processing by StaticPagesController#home as HTML
  Rendering static_pages/home.html.erb within layouts/application
  Rendered static_pages/home.html.erb within layouts/application (2.6ms)
  Rendered layouts/_shim.html.erb (0.2ms)
  Rendered layouts/_header.html.erb (0.4ms)
  Rendered layouts/_footer.html.erb (0.2ms)
Completed 200 OK in 35ms (Views: 33.4ms | ActiveRecord: 0.0ms)


Started GET "/" for 127.0.0.1 at 2016-11-01 10:22:30 +0700
Processing by StaticPagesController#home as HTML
  Rendering static_pages/home.html.erb within layouts/application
  Rendered static_pages/home.html.erb within layouts/application (1.4ms)
  Rendered layouts/_shim.html.erb (0.6ms)
  Rendered layouts/_header.html.erb (0.4ms)
  Rendered layouts/_footer.html.erb (0.2ms)
Completed 200 OK in 35ms (Views: 34.5ms | ActiveRecord: 0.0ms)


Started GET "/" for 127.0.0.1 at 2016-11-01 10:22:31 +0700
Processing by StaticPagesController#home as HTML
  Rendering static_pages/home.html.erb within layouts/application
  Rendered static_pages/home.html.erb within layouts/application (1.7ms)
  Rendered layouts/_shim.html.erb (0.2ms)
  Rendered layouts/_header.html.erb (0.4ms)
  Rendered layouts/_footer.html.erb (0.2ms)
Completed 200 OK in 37ms (Views: 35.9ms | ActiveRecord: 0.0ms)


Started GET "/" for 127.0.0.1 at 2016-11-01 10:22:33 +0700
Processing by StaticPagesController#home as HTML
  Rendering static_pages/home.html.erb within layouts/application
  Rendered static_pages/home.html.erb within layouts/application (2.9ms)
  Rendered layouts/_shim.html.erb (0.4ms)
  Rendered layouts/_header.html.erb (1.3ms)
  Rendered layouts/_footer.html.erb (0.2ms)
Completed 200 OK in 55ms (Views: 53.0ms | ActiveRecord: 0.0ms)


Started GET "/" for 127.0.0.1 at 2016-11-01 10:22:33 +0700
Processing by StaticPagesController#home as HTML
  Rendering static_pages/home.html.erb within layouts/application
  Rendered static_pages/home.html.erb within layouts/application (1.4ms)
  Rendered layouts/_shim.html.erb (0.5ms)
  Rendered layouts/_header.html.erb (0.5ms)
  Rendered layouts/_footer.html.erb (0.3ms)
Completed 200 OK in 33ms (Views: 32.0ms | ActiveRecord: 0.0ms)


Started GET "/" for 127.0.0.1 at 2016-11-01 10:22:33 +0700
Processing by StaticPagesController#home as HTML
  Rendering static_pages/home.html.erb within layouts/application
  Rendered static_pages/home.html.erb within layouts/application (2.8ms)
  Rendered layouts/_shim.html.erb (0.5ms)
  Rendered layouts/_header.html.erb (0.6ms)
  Rendered layouts/_footer.html.erb (0.3ms)
Completed 200 OK in 44ms (Views: 41.8ms | ActiveRecord: 0.0ms)


Started GET "/" for 127.0.0.1 at 2016-11-01 10:22:33 +0700
Processing by StaticPagesController#home as HTML
  Rendering static_pages/home.html.erb within layouts/application
  Rendered static_pages/home.html.erb within layouts/application (1.5ms)
  Rendered layouts/_shim.html.erb (0.7ms)
  Rendered layouts/_header.html.erb (0.4ms)
  Rendered layouts/_footer.html.erb (0.4ms)
Completed 200 OK in 33ms (Views: 31.7ms | ActiveRecord: 0.0ms)


Started GET "/" for 127.0.0.1 at 2016-11-01 10:22:33 +0700
Processing by StaticPagesController#home as HTML
  Rendering static_pages/home.html.erb within layouts/application
  Rendered static_pages/home.html.erb within layouts/application (2.9ms)
  Rendered layouts/_shim.html.erb (0.5ms)
  Rendered layouts/_header.html.erb (0.5ms)
  Rendered layouts/_footer.html.erb (0.2ms)
Completed 200 OK in 42ms (Views: 40.8ms | ActiveRecord: 0.0ms)


Started GET "/" for 127.0.0.1 at 2016-11-01 10:22:34 +0700
Processing by StaticPagesController#home as HTML
  Rendering static_pages/home.html.erb within layouts/application
  Rendered static_pages/home.html.erb within layouts/application (3.2ms)
  Rendered layouts/_shim.html.erb (0.3ms)
  Rendered layouts/_header.html.erb (0.8ms)
  Rendered layouts/_footer.html.erb (0.2ms)
Completed 200 OK in 67ms (Views: 64.2ms | ActiveRecord: 0.0ms)


Started GET "/" for 127.0.0.1 at 2016-11-01 10:22:34 +0700
Processing by StaticPagesController#home as HTML
  Rendering static_pages/home.html.erb within layouts/application
  Rendered static_pages/home.html.erb within layouts/application (5.9ms)
  Rendered layouts/_shim.html.erb (0.2ms)
  Rendered layouts/_header.html.erb (0.7ms)
  Rendered layouts/_footer.html.erb (0.2ms)
Completed 200 OK in 75ms (Views: 70.0ms | ActiveRecord: 0.0ms)


Started GET "/" for 127.0.0.1 at 2016-11-01 10:22:34 +0700
Processing by StaticPagesController#home as HTML
  Rendering static_pages/home.html.erb within layouts/application
  Rendered static_pages/home.html.erb within layouts/application (6.6ms)
  Rendered layouts/_shim.html.erb (0.4ms)
  Rendered layouts/_header.html.erb (0.9ms)
  Rendered layouts/_footer.html.erb (0.3ms)
Completed 200 OK in 81ms (Views: 78.1ms | ActiveRecord: 0.0ms)


Started GET "/" for 127.0.0.1 at 2016-11-01 10:22:44 +0700
Processing by StaticPagesController#home as HTML
  Rendering static_pages/home.html.erb within layouts/application
  Rendered static_pages/home.html.erb within layouts/application (6.5ms)
  Rendered layouts/_shim.html.erb (0.2ms)
  Rendered layouts/_header.html.erb (0.4ms)
  Rendered layouts/_footer.html.erb (0.2ms)
Completed 200 OK in 71ms (Views: 68.2ms | ActiveRecord: 0.0ms)


Started GET "/" for 127.0.0.1 at 2016-11-01 10:25:12 +0700
Processing by StaticPagesController#home as HTML
  Rendering static_pages/home.html.erb within layouts/application
  Rendered static_pages/home.html.erb within layouts/application (3.2ms)
  Rendered layouts/_shim.html.erb (0.3ms)
  Rendered layouts/_header.html.erb (0.4ms)
  Rendered layouts/_footer.html.erb (0.2ms)
Completed 200 OK in 1438ms (Views: 1436.4ms | ActiveRecord: 0.0ms)


Started GET "/" for 127.0.0.1 at 2016-11-01 10:25:44 +0700
Processing by StaticPagesController#home as HTML
  Rendering static_pages/home.html.erb within layouts/application
  Rendered static_pages/home.html.erb within layouts/application (4.1ms)
  Rendered layouts/_shim.html.erb (0.3ms)
  Rendered layouts/_header.html.erb (0.4ms)
  Rendered layouts/_footer.html.erb (0.2ms)
Completed 200 OK in 1374ms (Views: 1371.7ms | ActiveRecord: 0.0ms)


Started GET "/" for 127.0.0.1 at 2016-11-01 10:27:31 +0700
Processing by StaticPagesController#home as HTML
  Rendering static_pages/home.html.erb within layouts/application
  Rendered static_pages/home.html.erb within layouts/application (3.4ms)
  Rendered layouts/_shim.html.erb (0.2ms)
  Rendered layouts/_header.html.erb (0.4ms)
  Rendered layouts/_footer.html.erb (0.2ms)
Completed 200 OK in 1485ms (Views: 1482.4ms | ActiveRecord: 0.0ms)


Started GET "/" for 127.0.0.1 at 2016-11-01 10:27:41 +0700
Processing by StaticPagesController#home as HTML
  Rendering static_pages/home.html.erb within layouts/application
  Rendered static_pages/home.html.erb within layouts/application (1.9ms)
  Rendered layouts/_shim.html.erb (0.3ms)
  Rendered layouts/_header.html.erb (0.5ms)
  Rendered layouts/_footer.html.erb (0.2ms)
Completed 200 OK in 1294ms (Views: 1292.8ms | ActiveRecord: 0.0ms)


Started GET "/" for 127.0.0.1 at 2016-11-01 10:28:47 +0700
Processing by StaticPagesController#home as HTML
  Rendering static_pages/home.html.erb within layouts/application
  Rendered static_pages/home.html.erb within layouts/application (3.6ms)
  Rendered layouts/_shim.html.erb (0.3ms)
  Rendered layouts/_header.html.erb (0.4ms)
  Rendered layouts/_footer.html.erb (0.2ms)
Completed 200 OK in 1574ms (Views: 1571.5ms | ActiveRecord: 0.0ms)


Started GET "/" for 127.0.0.1 at 2016-11-01 10:29:07 +0700
Processing by StaticPagesController#home as HTML
  Rendering static_pages/home.html.erb within layouts/application
  Rendered static_pages/home.html.erb within layouts/application (2.6ms)
  Rendered layouts/_shim.html.erb (0.3ms)
  Rendered layouts/_header.html.erb (0.4ms)
  Rendered layouts/_footer.html.erb (0.2ms)
Completed 200 OK in 1309ms (Views: 1308.0ms | ActiveRecord: 0.0ms)


Started GET "/" for 127.0.0.1 at 2016-11-01 10:29:49 +0700
Processing by StaticPagesController#home as HTML
  Rendering static_pages/home.html.erb within layouts/application
  Rendered static_pages/home.html.erb within layouts/application (2.9ms)
  Rendered layouts/_shim.html.erb (0.3ms)
  Rendered layouts/_header.html.erb (0.4ms)
  Rendered layouts/_footer.html.erb (0.2ms)
Completed 200 OK in 1507ms (Views: 1505.5ms | ActiveRecord: 0.0ms)


Started GET "/" for 127.0.0.1 at 2016-11-01 10:33:53 +0700
Processing by StaticPagesController#home as HTML
  Rendering static_pages/home.html.erb within layouts/application
  Rendered static_pages/home.html.erb within layouts/application (3.6ms)
  Rendered layouts/_shim.html.erb (0.3ms)
  Rendered layouts/_header.html.erb (0.4ms)
  Rendered layouts/_footer.html.erb (0.2ms)
Completed 200 OK in 43ms (Views: 39.9ms | ActiveRecord: 0.0ms)


Started GET "/" for 127.0.0.1 at 2016-11-01 10:36:53 +0700
Processing by StaticPagesController#home as HTML
  Rendering static_pages/home.html.erb within layouts/application
  Rendered static_pages/home.html.erb within layouts/application (4.2ms)
  Rendered layouts/_shim.html.erb (0.3ms)
  Rendered layouts/_header.html.erb (0.4ms)
  Rendered layouts/_footer.html.erb (0.2ms)
Completed 200 OK in 1342ms (Views: 1339.9ms | ActiveRecord: 0.0ms)


Started GET "/" for 127.0.0.1 at 2016-11-01 10:38:51 +0700
Processing by StaticPagesController#home as HTML
  Rendering static_pages/home.html.erb within layouts/application
  Rendered static_pages/home.html.erb within layouts/application (1.6ms)
  Rendered layouts/_shim.html.erb (0.2ms)
  Rendered layouts/_header.html.erb (0.4ms)
  Rendered layouts/_footer.html.erb (0.8ms)
Completed 200 OK in 32ms (Views: 31.0ms | ActiveRecord: 0.0ms)


Started GET "/" for 127.0.0.1 at 2016-11-01 10:38:52 +0700
Processing by StaticPagesController#home as HTML
  Rendering static_pages/home.html.erb within layouts/application
  Rendered static_pages/home.html.erb within layouts/application (2.8ms)
  Rendered layouts/_shim.html.erb (0.2ms)
  Rendered layouts/_header.html.erb (0.4ms)
  Rendered layouts/_footer.html.erb (0.2ms)
Completed 200 OK in 46ms (Views: 44.2ms | ActiveRecord: 0.0ms)


  [1m[35m (136.8ms)[0m  [1m[35mCREATE TABLE "schema_migrations" ("version" varchar NOT NULL PRIMARY KEY)[0m
  [1m[35m (97.0ms)[0m  [1m[35mCREATE TABLE "ar_internal_metadata" ("key" varchar NOT NULL PRIMARY KEY, "value" varchar, "created_at" datetime NOT NULL, "updated_at" datetime NOT NULL)[0m
  [1m[36mActiveRecord::SchemaMigration Load (0.3ms)[0m  [1m[34mSELECT "schema_migrations".* FROM "schema_migrations"[0m
Migrating to CreateUsers (20161104024120)
  [1m[35m (0.1ms)[0m  [1m[36mbegin transaction[0m
  [1m[35m (0.4ms)[0m  [1m[35mCREATE TABLE "users" ("id" INTEGER PRIMARY KEY AUTOINCREMENT NOT NULL, "name" varchar, "email" varchar, "created_at" datetime NOT NULL, "updated_at" datetime NOT NULL)[0m
  [1m[35mSQL (0.2ms)[0m  [1m[32mINSERT INTO "schema_migrations" ("version") VALUES (?)[0m  [["version", "20161104024120"]]
  [1m[35m (97.5ms)[0m  [1m[36mcommit transaction[0m
Migrating to AddIndexToUsersEmail (20161108104758)
  [1m[35m (0.1ms)[0m  [1m[36mbegin transaction[0m
  [1m[35mSQL (0.4ms)[0m  [1m[32mINSERT INTO "schema_migrations" ("version") VALUES (?)[0m  [["version", "20161108104758"]]
  [1m[35m (74.1ms)[0m  [1m[36mcommit transaction[0m
  [1m[36mActiveRecord::InternalMetadata Load (0.2ms)[0m  [1m[34mSELECT  "ar_internal_metadata".* FROM "ar_internal_metadata" WHERE "ar_internal_metadata"."key" = ? LIMIT ?[0m  [["key", :environment], ["LIMIT", 1]]
  [1m[35m (0.1ms)[0m  [1m[36mbegin transaction[0m
  [1m[35mSQL (0.4ms)[0m  [1m[32mINSERT INTO "ar_internal_metadata" ("key", "value", "created_at", "updated_at") VALUES (?, ?, ?, ?)[0m  [["key", "environment"], ["value", "development"], ["created_at", 2016-11-08 10:53:13 UTC], ["updated_at", 2016-11-08 10:53:13 UTC]]
  [1m[35m (100.4ms)[0m  [1m[36mcommit transaction[0m
  [1m[36mActiveRecord::SchemaMigration Load (0.4ms)[0m  [1m[34mSELECT "schema_migrations".* FROM "schema_migrations"[0m
  [1m[36mActiveRecord::SchemaMigration Load (0.2ms)[0m  [1m[34mSELECT "schema_migrations".* FROM "schema_migrations"[0m
Migrating to AddPasswordDigestToUsers (20161109061646)
  [1m[35m (0.1ms)[0m  [1m[36mbegin transaction[0m
  [1m[35m (6.3ms)[0m  [1m[35mALTER TABLE "users" ADD "password_digest" varchar[0m
  [1m[35mSQL (0.2ms)[0m  [1m[32mINSERT INTO "schema_migrations" ("version") VALUES (?)[0m  [["version", "20161109061646"]]
  [1m[35m (132.7ms)[0m  [1m[36mcommit transaction[0m
  [1m[36mActiveRecord::InternalMetadata Load (0.5ms)[0m  [1m[34mSELECT  "ar_internal_metadata".* FROM "ar_internal_metadata" WHERE "ar_internal_metadata"."key" = ? LIMIT ?[0m  [["key", :environment], ["LIMIT", 1]]
  [1m[35m (0.2ms)[0m  [1m[36mbegin transaction[0m
  [1m[35m (0.2ms)[0m  [1m[36mcommit transaction[0m
  [1m[36mActiveRecord::SchemaMigration Load (0.2ms)[0m  [1m[34mSELECT "schema_migrations".* FROM "schema_migrations"[0m
  [1m[35m (0.1ms)[0m  [1m[36mbegin transaction[0m
  [1m[36mUser Exists (0.2ms)[0m  [1m[34mSELECT  1 AS one FROM "users" WHERE LOWER("users"."email") = LOWER(?) LIMIT ?[0m  [["email", "van@example.com"], ["LIMIT", 1]]
  [1m[35mSQL (0.4ms)[0m  [1m[32mINSERT INTO "users" ("name", "email", "created_at", "updated_at", "password_digest") VALUES (?, ?, ?, ?, ?)[0m  [["name", "Viet Anh"], ["email", "van@example.com"], ["created_at", 2016-11-09 06:38:53 UTC], ["updated_at", 2016-11-09 06:38:53 UTC], ["password_digest", "$2a$10$jWrNh0yWwOCuMM2a7Wt74..vRaTzo5UU22Oqt.by02RXKN5Ow/jd6"]]
  [1m[35m (120.9ms)[0m  [1m[36mcommit transaction[0m
  [1m[36mUser Load (0.6ms)[0m  [1m[34mSELECT  "users".* FROM "users" WHERE "users"."email" = ? LIMIT ?[0m  [["email", "van@example.com"], ["LIMIT", 1]]
Started GET "/" for 127.0.0.1 at 2016-11-12 09:18:20 +0700
  [1m[36mActiveRecord::SchemaMigration Load (0.2ms)[0m  [1m[34mSELECT "schema_migrations".* FROM "schema_migrations"[0m
Processing by StaticPagesController#home as HTML
  Rendering static_pages/home.html.erb within layouts/application
  Rendered static_pages/home.html.erb within layouts/application (439.2ms)
Completed 500 Internal Server Error in 495ms (ActiveRecord: 0.0ms)


  
ActionView::Template::Error (Invalid CSS after "@": expected identifier, was "@mixin box_sizi..."):
    18: 	</div>
    19: 
    20: 	<div class=""></div>
    21: 	<%= link_to image_tag("rails.png", alt: "Rails logo"), 'http://rubyonrails.org/'%>
    22: 
    23: </body>
    24: </html>
  
app/assets/stylesheets/custom.scss:24
app/views/static_pages/home.html.erb:21:in `_app_views_static_pages_home_html_erb___714214579090930299_47303829178740'
  Rendering /home/vietanh/.rbenv/versions/2.3.1/lib/ruby/gems/2.3.0/gems/actionpack-5.0.0.1/lib/action_dispatch/middleware/templates/rescues/template_error.html.erb within rescues/layout
  Rendering /home/vietanh/.rbenv/versions/2.3.1/lib/ruby/gems/2.3.0/gems/actionpack-5.0.0.1/lib/action_dispatch/middleware/templates/rescues/_source.html.erb
  Rendered /home/vietanh/.rbenv/versions/2.3.1/lib/ruby/gems/2.3.0/gems/actionpack-5.0.0.1/lib/action_dispatch/middleware/templates/rescues/_source.html.erb (7.2ms)
  Rendering /home/vietanh/.rbenv/versions/2.3.1/lib/ruby/gems/2.3.0/gems/actionpack-5.0.0.1/lib/action_dispatch/middleware/templates/rescues/_trace.html.erb
  Rendered /home/vietanh/.rbenv/versions/2.3.1/lib/ruby/gems/2.3.0/gems/actionpack-5.0.0.1/lib/action_dispatch/middleware/templates/rescues/_trace.html.erb (2.5ms)
  Rendering /home/vietanh/.rbenv/versions/2.3.1/lib/ruby/gems/2.3.0/gems/actionpack-5.0.0.1/lib/action_dispatch/middleware/templates/rescues/_request_and_response.html.erb
  Rendered /home/vietanh/.rbenv/versions/2.3.1/lib/ruby/gems/2.3.0/gems/actionpack-5.0.0.1/lib/action_dispatch/middleware/templates/rescues/_request_and_response.html.erb (1.2ms)
  Rendered /home/vietanh/.rbenv/versions/2.3.1/lib/ruby/gems/2.3.0/gems/actionpack-5.0.0.1/lib/action_dispatch/middleware/templates/rescues/template_error.html.erb within rescues/layout (29.8ms)
Started GET "/" for 127.0.0.1 at 2016-11-12 09:18:46 +0700
Processing by StaticPagesController#home as HTML
  Rendering static_pages/home.html.erb within layouts/application
  Rendered static_pages/home.html.erb within layouts/application (22.4ms)
Completed 500 Internal Server Error in 25ms (ActiveRecord: 0.0ms)


  
ActionView::Template::Error (Invalid CSS after "	@": expected identifier, was "@include box_si..."):
    18: 	</div>
    19: 
    20: 	<div class=""></div>
    21: 	<%= link_to image_tag("rails.png", alt: "Rails logo"), 'http://rubyonrails.org/'%>
    22: 
    23: </body>
    24: </html>
  
app/assets/stylesheets/custom.scss:35
app/views/static_pages/home.html.erb:21:in `_app_views_static_pages_home_html_erb___714214579090930299_70326516178100'
  Rendering /home/vietanh/.rbenv/versions/2.3.1/lib/ruby/gems/2.3.0/gems/actionpack-5.0.0.1/lib/action_dispatch/middleware/templates/rescues/template_error.html.erb within rescues/layout
  Rendering /home/vietanh/.rbenv/versions/2.3.1/lib/ruby/gems/2.3.0/gems/actionpack-5.0.0.1/lib/action_dispatch/middleware/templates/rescues/_source.html.erb
  Rendered /home/vietanh/.rbenv/versions/2.3.1/lib/ruby/gems/2.3.0/gems/actionpack-5.0.0.1/lib/action_dispatch/middleware/templates/rescues/_source.html.erb (7.2ms)
  Rendering /home/vietanh/.rbenv/versions/2.3.1/lib/ruby/gems/2.3.0/gems/actionpack-5.0.0.1/lib/action_dispatch/middleware/templates/rescues/_trace.html.erb
  Rendered /home/vietanh/.rbenv/versions/2.3.1/lib/ruby/gems/2.3.0/gems/actionpack-5.0.0.1/lib/action_dispatch/middleware/templates/rescues/_trace.html.erb (2.4ms)
  Rendering /home/vietanh/.rbenv/versions/2.3.1/lib/ruby/gems/2.3.0/gems/actionpack-5.0.0.1/lib/action_dispatch/middleware/templates/rescues/_request_and_response.html.erb
  Rendered /home/vietanh/.rbenv/versions/2.3.1/lib/ruby/gems/2.3.0/gems/actionpack-5.0.0.1/lib/action_dispatch/middleware/templates/rescues/_request_and_response.html.erb (0.7ms)
  Rendered /home/vietanh/.rbenv/versions/2.3.1/lib/ruby/gems/2.3.0/gems/actionpack-5.0.0.1/lib/action_dispatch/middleware/templates/rescues/template_error.html.erb within rescues/layout (26.7ms)
Started GET "/" for 127.0.0.1 at 2016-11-12 09:18:56 +0700
Processing by StaticPagesController#home as HTML
  Rendering static_pages/home.html.erb within layouts/application
  Rendered static_pages/home.html.erb within layouts/application (1640.5ms)
  Rendered layouts/_shim.html.erb (0.6ms)
  Rendered layouts/_header.html.erb (0.8ms)
  Rendered layouts/_footer.html.erb (1.0ms)
Completed 200 OK in 1886ms (Views: 1883.7ms | ActiveRecord: 0.0ms)


